<?xml version="1.0" encoding="UTF-8"?>
<testng-results ignored="0" total="1" passed="1" failed="0" skipped="0">
  <reporter-output>
  </reporter-output>
  <suite started-at="2022-08-05T16:59:46 IST" name="AutomationTest" finished-at="2022-08-05T17:00:02 IST" duration-ms="15790">
    <groups>
    </groups>
    <test started-at="2022-08-05T16:59:46 IST" name="Test To Verify CRM Login" finished-at="2022-08-05T17:00:02 IST" duration-ms="15790">
      <class name="com.crm.testCases.TC01VerifyCRMLogin">
        <test-method signature="VerifyCRMLogin()[pri:0, instance:com.crm.testCases.TC01VerifyCRMLogin@3fcdcf]" started-at="2022-08-05T16:59:46 IST" name="VerifyCRMLogin" finished-at="2022-08-05T16:59:59 IST" duration-ms="12686" status="PASS">
          <reporter-output>
          </reporter-output>
        </test-method> <!-- VerifyCRMLogin -->
      </class> <!-- com.crm.testCases.TC01VerifyCRMLogin -->
    </test> <!-- Test To Verify CRM Login -->
  </suite> <!-- AutomationTest -->
</testng-results>
